\BOOKMARK [0][-]{chapter.1}{\376\377\0001\000\040\000H\000i\000e\000r\000a\000r\000c\000h\000i\000c\000a\000l\000\040\000I\000n\000d\000e\000x}{}% 1
\BOOKMARK [1][-]{section.1.1}{\376\377\0001\000.\0001\000\040\000C\000l\000a\000s\000s\000\040\000H\000i\000e\000r\000a\000r\000c\000h\000y}{chapter.1}% 2
\BOOKMARK [0][-]{chapter.2}{\376\377\0002\000\040\000C\000l\000a\000s\000s\000\040\000I\000n\000d\000e\000x}{}% 3
\BOOKMARK [1][-]{section.2.1}{\376\377\0002\000.\0001\000\040\000C\000l\000a\000s\000s\000\040\000L\000i\000s\000t}{chapter.2}% 4
\BOOKMARK [0][-]{chapter.3}{\376\377\0003\000\040\000F\000i\000l\000e\000\040\000I\000n\000d\000e\000x}{}% 5
\BOOKMARK [1][-]{section.3.1}{\376\377\0003\000.\0001\000\040\000F\000i\000l\000e\000\040\000L\000i\000s\000t}{chapter.3}% 6
\BOOKMARK [0][-]{chapter.4}{\376\377\0004\000\040\000C\000l\000a\000s\000s\000\040\000D\000o\000c\000u\000m\000e\000n\000t\000a\000t\000i\000o\000n}{}% 7
\BOOKMARK [1][-]{section.4.1}{\376\377\0004\000.\0001\000\040\000E\000x\000a\000m\000p\000l\000e\000U\000n\000i\000t\000T\000e\000s\000t\000\040\000C\000l\000a\000s\000s\000\040\000R\000e\000f\000e\000r\000e\000n\000c\000e}{chapter.4}% 8
\BOOKMARK [2][-]{subsection.4.1.1}{\376\377\0004\000.\0001\000.\0001\000\040\000D\000e\000t\000a\000i\000l\000e\000d\000\040\000D\000e\000s\000c\000r\000i\000p\000t\000i\000o\000n}{section.4.1}% 9
\BOOKMARK [1][-]{section.4.2}{\376\377\0004\000.\0002\000\040\000L\000o\000g\000i\000c\000D\000a\000o\000\040\000I\000n\000t\000e\000r\000f\000a\000c\000e\000\040\000R\000e\000f\000e\000r\000e\000n\000c\000e}{chapter.4}% 10
\BOOKMARK [1][-]{section.4.3}{\376\377\0004\000.\0003\000\040\000R\000a\000p\000t\000o\000r\000\040\000C\000l\000a\000s\000s\000\040\000R\000e\000f\000e\000r\000e\000n\000c\000e}{chapter.4}% 11
\BOOKMARK [2][-]{subsection.4.3.1}{\376\377\0004\000.\0003\000.\0001\000\040\000D\000e\000t\000a\000i\000l\000e\000d\000\040\000D\000e\000s\000c\000r\000i\000p\000t\000i\000o\000n}{section.4.3}% 12
\BOOKMARK [1][-]{section.4.4}{\376\377\0004\000.\0004\000\040\000U\000I\000D\000a\000o\000\040\000I\000n\000t\000e\000r\000f\000a\000c\000e\000\040\000R\000e\000f\000e\000r\000e\000n\000c\000e}{chapter.4}% 13
\BOOKMARK [0][-]{chapter.5}{\376\377\0005\000\040\000F\000i\000l\000e\000\040\000D\000o\000c\000u\000m\000e\000n\000t\000a\000t\000i\000o\000n}{}% 14
\BOOKMARK [1][-]{section.5.1}{\376\377\0005\000.\0001\000\040\000E\000x\000a\000m\000p\000l\000e\000I\000n\000s\000t\000r\000u\000m\000e\000n\000t\000e\000d\000T\000e\000s\000t\000.\000k\000t\000\040\000F\000i\000l\000e\000\040\000R\000e\000f\000e\000r\000e\000n\000c\000e}{chapter.5}% 15
\BOOKMARK [2][-]{subsection.5.1.1}{\376\377\0005\000.\0001\000.\0001\000\040\000F\000u\000n\000c\000t\000i\000o\000n\000\040\000D\000o\000c\000u\000m\000e\000n\000t\000a\000t\000i\000o\000n}{section.5.1}% 16
\BOOKMARK [3][-]{subsubsection.5.1.1.1}{\376\377\0005\000.\0001\000.\0001\000.\0001\000\040\000R\000u\000n\000W\000i\000t\000h\000\050\000\051}{subsection.5.1.1}% 17
\BOOKMARK [1][-]{section.5.2}{\376\377\0005\000.\0002\000\040\000A\000u\000d\000i\000o\000P\000l\000a\000y\000e\000r\000.\000k\000t\000\040\000F\000i\000l\000e\000\040\000R\000e\000f\000e\000r\000e\000n\000c\000e}{chapter.5}% 18
\BOOKMARK [2][-]{subsection.5.2.1}{\376\377\0005\000.\0002\000.\0001\000\040\000F\000u\000n\000c\000t\000i\000o\000n\000\040\000D\000o\000c\000u\000m\000e\000n\000t\000a\000t\000i\000o\000n}{section.5.2}% 19
\BOOKMARK [3][-]{subsubsection.5.2.1.1}{\376\377\0005\000.\0002\000.\0001\000.\0001\000\040\000c\000o\000n\000s\000t\000r\000u\000c\000t\000o\000r\000\050\000\051}{subsection.5.2.1}% 20
\BOOKMARK [1][-]{section.5.3}{\376\377\0005\000.\0003\000\040\000B\000i\000o\000m\000e\000t\000r\000i\000c\000A\000u\000t\000h\000e\000n\000t\000i\000c\000a\000t\000o\000r\000.\000k\000t\000\040\000F\000i\000l\000e\000\040\000R\000e\000f\000e\000r\000e\000n\000c\000e}{chapter.5}% 21
\BOOKMARK [2][-]{subsection.5.3.1}{\376\377\0005\000.\0003\000.\0001\000\040\000F\000u\000n\000c\000t\000i\000o\000n\000\040\000D\000o\000c\000u\000m\000e\000n\000t\000a\000t\000i\000o\000n}{section.5.3}% 22
\BOOKMARK [3][-]{subsubsection.5.3.1.1}{\376\377\0005\000.\0003\000.\0001\000.\0001\000\040\000B\000i\000o\000m\000e\000t\000r\000i\000c\000A\000u\000t\000h\000e\000n\000t\000i\000c\000a\000t\000i\000o\000n\000S\000t\000a\000t\000u\000s\000\050\000\051}{subsection.5.3.1}% 23
\BOOKMARK [3][-]{subsubsection.5.3.1.2}{\376\377\0005\000.\0003\000.\0001\000.\0002\000\040\000B\000i\000o\000m\000e\000t\000r\000i\000c\000A\000u\000t\000h\000e\000n\000t\000i\000c\000a\000t\000o\000r\000\050\000\051}{subsection.5.3.1}% 24
\BOOKMARK [1][-]{section.5.4}{\376\377\0005\000.\0004\000\040\000D\000a\000t\000a\000b\000a\000s\000e\000M\000a\000n\000a\000g\000e\000r\000.\000k\000t\000\040\000F\000i\000l\000e\000\040\000R\000e\000f\000e\000r\000e\000n\000c\000e}{chapter.5}% 25
\BOOKMARK [2][-]{subsection.5.4.1}{\376\377\0005\000.\0004\000.\0001\000\040\000F\000u\000n\000c\000t\000i\000o\000n\000\040\000D\000o\000c\000u\000m\000e\000n\000t\000a\000t\000i\000o\000n}{section.5.4}% 26
\BOOKMARK [3][-]{subsubsection.5.4.1.1}{\376\377\0005\000.\0004\000.\0001\000.\0001\000\040\000c\000o\000n\000s\000t\000r\000u\000c\000t\000o\000r\000\050\000\051}{subsection.5.4.1}% 27
\BOOKMARK [1][-]{section.5.5}{\376\377\0005\000.\0005\000\040\000A\000l\000b\000u\000m\000.\000k\000t\000\040\000F\000i\000l\000e\000\040\000R\000e\000f\000e\000r\000e\000n\000c\000e}{chapter.5}% 28
\BOOKMARK [1][-]{section.5.6}{\376\377\0005\000.\0006\000\040\000A\000l\000b\000u\000m\000A\000u\000t\000h\000o\000r\000C\000r\000o\000s\000s\000R\000e\000f\000.\000k\000t\000\040\000F\000i\000l\000e\000\040\000R\000e\000f\000e\000r\000e\000n\000c\000e}{chapter.5}% 29
\BOOKMARK [1][-]{section.5.7}{\376\377\0005\000.\0007\000\040\000A\000u\000t\000h\000o\000r\000.\000k\000t\000\040\000F\000i\000l\000e\000\040\000R\000e\000f\000e\000r\000e\000n\000c\000e}{chapter.5}% 30
\BOOKMARK [1][-]{section.5.8}{\376\377\0005\000.\0008\000\040\000S\000o\000n\000g\000.\000k\000t\000\040\000F\000i\000l\000e\000\040\000R\000e\000f\000e\000r\000e\000n\000c\000e}{chapter.5}% 31
\BOOKMARK [1][-]{section.5.9}{\376\377\0005\000.\0009\000\040\000L\000i\000b\000r\000a\000r\000y\000D\000b\000.\000k\000t\000\040\000F\000i\000l\000e\000\040\000R\000e\000f\000e\000r\000e\000n\000c\000e}{chapter.5}% 32
\BOOKMARK [2][-]{subsection.5.9.1}{\376\377\0005\000.\0009\000.\0001\000\040\000F\000u\000n\000c\000t\000i\000o\000n\000\040\000D\000o\000c\000u\000m\000e\000n\000t\000a\000t\000i\000o\000n}{section.5.9}% 33
\BOOKMARK [3][-]{subsubsection.5.9.1.1}{\376\377\0005\000.\0009\000.\0001\000.\0001\000\040\000D\000a\000t\000a\000b\000a\000s\000e\000\050\000\051}{subsection.5.9.1}% 34
\BOOKMARK [1][-]{section.5.10}{\376\377\0005\000.\0001\0000\000\040\000L\000o\000g\000i\000c\000D\000a\000o\000.\000k\000t\000\040\000F\000i\000l\000e\000\040\000R\000e\000f\000e\000r\000e\000n\000c\000e}{chapter.5}% 35
\BOOKMARK [1][-]{section.5.11}{\376\377\0005\000.\0001\0001\000\040\000A\000l\000b\000u\000m\000W\000i\000t\000h\000A\000u\000t\000h\000o\000r\000s\000.\000k\000t\000\040\000F\000i\000l\000e\000\040\000R\000e\000f\000e\000r\000e\000n\000c\000e}{chapter.5}% 36
\BOOKMARK [1][-]{section.5.12}{\376\377\0005\000.\0001\0002\000\040\000A\000l\000b\000u\000m\000W\000i\000t\000h\000S\000o\000n\000g\000s\000.\000k\000t\000\040\000F\000i\000l\000e\000\040\000R\000e\000f\000e\000r\000e\000n\000c\000e}{chapter.5}% 37
\BOOKMARK [1][-]{section.5.13}{\376\377\0005\000.\0001\0003\000\040\000A\000u\000t\000h\000o\000r\000W\000i\000t\000h\000A\000l\000b\000u\000m\000s\000.\000k\000t\000\040\000F\000i\000l\000e\000\040\000R\000e\000f\000e\000r\000e\000n\000c\000e}{chapter.5}% 38
\BOOKMARK [1][-]{section.5.14}{\376\377\0005\000.\0001\0004\000\040\000U\000I\000D\000a\000o\000.\000k\000t\000\040\000F\000i\000l\000e\000\040\000R\000e\000f\000e\000r\000e\000n\000c\000e}{chapter.5}% 39
\BOOKMARK [1][-]{section.5.15}{\376\377\0005\000.\0001\0005\000\040\000I\000m\000a\000g\000e\000M\000a\000n\000a\000g\000e\000r\000.\000k\000t\000\040\000F\000i\000l\000e\000\040\000R\000e\000f\000e\000r\000e\000n\000c\000e}{chapter.5}% 40
\BOOKMARK [2][-]{subsection.5.15.1}{\376\377\0005\000.\0001\0005\000.\0001\000\040\000F\000u\000n\000c\000t\000i\000o\000n\000\040\000D\000o\000c\000u\000m\000e\000n\000t\000a\000t\000i\000o\000n}{section.5.15}% 41
\BOOKMARK [3][-]{subsubsection.5.15.1.1}{\376\377\0005\000.\0001\0005\000.\0001\000.\0001\000\040\000c\000o\000n\000s\000t\000r\000u\000c\000t\000o\000r\000\050\000\051}{subsection.5.15.1}% 42
\BOOKMARK [1][-]{section.5.16}{\376\377\0005\000.\0001\0006\000\040\000M\000a\000i\000n\000A\000c\000t\000i\000v\000i\000t\000y\000.\000k\000t\000\040\000F\000i\000l\000e\000\040\000R\000e\000f\000e\000r\000e\000n\000c\000e}{chapter.5}% 43
\BOOKMARK [2][-]{subsection.5.16.1}{\376\377\0005\000.\0001\0006\000.\0001\000\040\000F\000u\000n\000c\000t\000i\000o\000n\000\040\000D\000o\000c\000u\000m\000e\000n\000t\000a\000t\000i\000o\000n}{section.5.16}% 44
\BOOKMARK [3][-]{subsubsection.5.16.1.1}{\376\377\0005\000.\0001\0006\000.\0001\000.\0001\000\040\000A\000l\000b\000u\000m\000s\000S\000c\000r\000e\000e\000n\000\050\000\051}{subsection.5.16.1}% 45
\BOOKMARK [3][-]{subsubsection.5.16.1.2}{\376\377\0005\000.\0001\0006\000.\0001\000.\0002\000\040\000A\000u\000t\000h\000e\000n\000t\000i\000c\000a\000t\000i\000o\000n\000S\000c\000r\000e\000e\000n\000\050\000\051}{subsection.5.16.1}% 46
\BOOKMARK [3][-]{subsubsection.5.16.1.3}{\376\377\0005\000.\0001\0006\000.\0001\000.\0003\000\040\000A\000u\000t\000h\000o\000r\000T\000i\000l\000e\000\050\000\051}{subsection.5.16.1}% 47
\BOOKMARK [3][-]{subsubsection.5.16.1.4}{\376\377\0005\000.\0001\0006\000.\0001\000.\0004\000\040\000i\000s\000P\000o\000r\000t\000r\000a\000i\000t\000\050\000\051}{subsection.5.16.1}% 48
\BOOKMARK [3][-]{subsubsection.5.16.1.5}{\376\377\0005\000.\0001\0006\000.\0001\000.\0005\000\040\000L\000a\000n\000d\000s\000c\000a\000p\000e\000V\000i\000e\000w\000\050\000\051}{subsection.5.16.1}% 49
\BOOKMARK [3][-]{subsubsection.5.16.1.6}{\376\377\0005\000.\0001\0006\000.\0001\000.\0006\000\040\000M\000a\000i\000n\000S\000c\000r\000e\000e\000n\000\050\000\051}{subsection.5.16.1}% 50
\BOOKMARK [3][-]{subsubsection.5.16.1.7}{\376\377\0005\000.\0001\0006\000.\0001\000.\0007\000\040\000M\000a\000i\000n\000S\000c\000r\000e\000e\000n\000C\000o\000n\000t\000e\000n\000t\000\050\000\051}{subsection.5.16.1}% 51
\BOOKMARK [3][-]{subsubsection.5.16.1.8}{\376\377\0005\000.\0001\0006\000.\0001\000.\0008\000\040\000P\000o\000r\000t\000r\000a\000i\000t\000V\000i\000e\000w\000\050\000\051}{subsection.5.16.1}% 52
\BOOKMARK [3][-]{subsubsection.5.16.1.9}{\376\377\0005\000.\0001\0006\000.\0001\000.\0009\000\040\000S\000o\000n\000g\000I\000t\000e\000m\000\050\000\051}{subsection.5.16.1}% 53
\BOOKMARK [3][-]{subsubsection.5.16.1.10}{\376\377\0005\000.\0001\0006\000.\0001\000.\0001\0000\000\040\000S\000o\000n\000g\000s\000S\000c\000r\000e\000e\000n\000\050\000\051}{subsection.5.16.1}% 54
\BOOKMARK [2][-]{subsection.5.16.2}{\376\377\0005\000.\0001\0006\000.\0002\000\040\000V\000a\000r\000i\000a\000b\000l\000e\000\040\000D\000o\000c\000u\000m\000e\000n\000t\000a\000t\000i\000o\000n}{section.5.16}% 55
\BOOKMARK [3][-]{subsubsection.5.16.2.1}{\376\377\0005\000.\0001\0006\000.\0002\000.\0001\000\040\000S\000e\000n\000s\000o\000r\000E\000v\000e\000n\000t\000L\000i\000s\000t\000e\000n\000e\000r}{subsection.5.16.2}% 56
\BOOKMARK [3][-]{subsubsection.5.16.2.2}{\376\377\0005\000.\0001\0006\000.\0002\000.\0002\000\040\000s\000e\000n\000s\000o\000r\000M\000a\000n\000a\000g\000e\000r}{subsection.5.16.2}% 57
\BOOKMARK [1][-]{section.5.17}{\376\377\0005\000.\0001\0007\000\040\000M\000u\000s\000i\000c\000F\000i\000l\000e\000L\000o\000a\000d\000e\000r\000.\000k\000t\000\040\000F\000i\000l\000e\000\040\000R\000e\000f\000e\000r\000e\000n\000c\000e}{chapter.5}% 58
\BOOKMARK [2][-]{subsection.5.17.1}{\376\377\0005\000.\0001\0007\000.\0001\000\040\000F\000u\000n\000c\000t\000i\000o\000n\000\040\000D\000o\000c\000u\000m\000e\000n\000t\000a\000t\000i\000o\000n}{section.5.17}% 59
\BOOKMARK [3][-]{subsubsection.5.17.1.1}{\376\377\0005\000.\0001\0007\000.\0001\000.\0001\000\040\000c\000o\000n\000s\000t\000r\000u\000c\000t\000o\000r\000\050\000\051}{subsection.5.17.1}% 60
\BOOKMARK [1][-]{section.5.18}{\376\377\0005\000.\0001\0008\000\040\000R\000a\000p\000t\000o\000r\000.\000k\000t\000\040\000F\000i\000l\000e\000\040\000R\000e\000f\000e\000r\000e\000n\000c\000e}{chapter.5}% 61
\BOOKMARK [1][-]{section.5.19}{\376\377\0005\000.\0001\0009\000\040\000S\000o\000n\000g\000P\000l\000a\000y\000U\000I\000.\000k\000t\000\040\000F\000i\000l\000e\000\040\000R\000e\000f\000e\000r\000e\000n\000c\000e}{chapter.5}% 62
\BOOKMARK [2][-]{subsection.5.19.1}{\376\377\0005\000.\0001\0009\000.\0001\000\040\000F\000u\000n\000c\000t\000i\000o\000n\000\040\000D\000o\000c\000u\000m\000e\000n\000t\000a\000t\000i\000o\000n}{section.5.19}% 63
\BOOKMARK [3][-]{subsubsection.5.19.1.1}{\376\377\0005\000.\0001\0009\000.\0001\000.\0001\000\040\000C\000u\000r\000r\000e\000n\000t\000S\000o\000n\000g\000I\000n\000f\000o\000\050\000\051}{subsection.5.19.1}% 64
\BOOKMARK [3][-]{subsubsection.5.19.1.2}{\376\377\0005\000.\0001\0009\000.\0001\000.\0002\000\040\000M\000e\000d\000i\000a\000C\000o\000n\000t\000r\000o\000l\000s\000\050\000\051}{subsection.5.19.1}% 65
\BOOKMARK [3][-]{subsubsection.5.19.1.3}{\376\377\0005\000.\0001\0009\000.\0001\000.\0003\000\040\000S\000u\000p\000p\000r\000e\000s\000s\000L\000i\000n\000t\000\050\000\051}{subsection.5.19.1}% 66
\BOOKMARK [1][-]{section.5.20}{\376\377\0005\000.\0002\0000\000\040\000W\000a\000v\000e\000F\000o\000r\000m\000S\000e\000e\000k\000B\000a\000r\000.\000k\000t\000\040\000F\000i\000l\000e\000\040\000R\000e\000f\000e\000r\000e\000n\000c\000e}{chapter.5}% 67
\BOOKMARK [2][-]{subsection.5.20.1}{\376\377\0005\000.\0002\0000\000.\0001\000\040\000F\000u\000n\000c\000t\000i\000o\000n\000\040\000D\000o\000c\000u\000m\000e\000n\000t\000a\000t\000i\000o\000n}{section.5.20}% 68
\BOOKMARK [3][-]{subsubsection.5.20.1.1}{\376\377\0005\000.\0002\0000\000.\0001\000.\0001\000\040\000W\000a\000v\000e\000f\000o\000r\000m\000S\000e\000e\000k\000B\000a\000r\000\050\000\051}{subsection.5.20.1}% 69
\BOOKMARK [1][-]{section.5.21}{\376\377\0005\000.\0002\0001\000\040\000T\000a\000g\000E\000x\000t\000r\000a\000c\000t\000o\000r\000.\000k\000t\000\040\000F\000i\000l\000e\000\040\000R\000e\000f\000e\000r\000e\000n\000c\000e}{chapter.5}% 70
\BOOKMARK [2][-]{subsection.5.21.1}{\376\377\0005\000.\0002\0001\000.\0001\000\040\000F\000u\000n\000c\000t\000i\000o\000n\000\040\000D\000o\000c\000u\000m\000e\000n\000t\000a\000t\000i\000o\000n}{section.5.21}% 71
\BOOKMARK [3][-]{subsubsection.5.21.1.1}{\376\377\0005\000.\0002\0001\000.\0001\000.\0001\000\040\000c\000o\000n\000s\000t\000r\000u\000c\000t\000o\000r\000\050\000\051}{subsection.5.21.1}% 72
\BOOKMARK [1][-]{section.5.22}{\376\377\0005\000.\0002\0002\000\040\000C\000o\000l\000o\000r\000.\000k\000t\000\040\000F\000i\000l\000e\000\040\000R\000e\000f\000e\000r\000e\000n\000c\000e}{chapter.5}% 73
\BOOKMARK [1][-]{section.5.23}{\376\377\0005\000.\0002\0003\000\040\000T\000h\000e\000m\000e\000.\000k\000t\000\040\000F\000i\000l\000e\000\040\000R\000e\000f\000e\000r\000e\000n\000c\000e}{chapter.5}% 74
\BOOKMARK [1][-]{section.5.24}{\376\377\0005\000.\0002\0004\000\040\000T\000y\000p\000e\000.\000k\000t\000\040\000F\000i\000l\000e\000\040\000R\000e\000f\000e\000r\000e\000n\000c\000e}{chapter.5}% 75
\BOOKMARK [1][-]{section.5.25}{\376\377\0005\000.\0002\0005\000\040\000A\000l\000b\000u\000m\000s\000S\000c\000r\000e\000e\000n\000V\000i\000e\000w\000M\000o\000d\000e\000l\000.\000k\000t\000\040\000F\000i\000l\000e\000\040\000R\000e\000f\000e\000r\000e\000n\000c\000e}{chapter.5}% 76
\BOOKMARK [2][-]{subsection.5.25.1}{\376\377\0005\000.\0002\0005\000.\0001\000\040\000F\000u\000n\000c\000t\000i\000o\000n\000\040\000D\000o\000c\000u\000m\000e\000n\000t\000a\000t\000i\000o\000n}{section.5.25}% 77
\BOOKMARK [3][-]{subsubsection.5.25.1.1}{\376\377\0005\000.\0002\0005\000.\0001\000.\0001\000\040\000H\000i\000l\000t\000V\000i\000e\000w\000M\000o\000d\000e\000l\000\050\000\051}{subsection.5.25.1}% 78
\BOOKMARK [1][-]{section.5.26}{\376\377\0005\000.\0002\0006\000\040\000A\000l\000b\000u\000m\000T\000i\000l\000e\000V\000i\000e\000w\000M\000o\000d\000e\000l\000.\000k\000t\000\040\000F\000i\000l\000e\000\040\000R\000e\000f\000e\000r\000e\000n\000c\000e}{chapter.5}% 79
\BOOKMARK [1][-]{section.5.27}{\376\377\0005\000.\0002\0007\000\040\000L\000i\000b\000r\000a\000r\000y\000V\000i\000e\000w\000M\000o\000d\000e\000l\000.\000k\000t\000\040\000F\000i\000l\000e\000\040\000R\000e\000f\000e\000r\000e\000n\000c\000e}{chapter.5}% 80
\BOOKMARK [2][-]{subsection.5.27.1}{\376\377\0005\000.\0002\0007\000.\0001\000\040\000F\000u\000n\000c\000t\000i\000o\000n\000\040\000D\000o\000c\000u\000m\000e\000n\000t\000a\000t\000i\000o\000n}{section.5.27}% 81
\BOOKMARK [3][-]{subsubsection.5.27.1.1}{\376\377\0005\000.\0002\0007\000.\0001\000.\0001\000\040\000c\000o\000n\000s\000t\000r\000u\000c\000t\000o\000r\000\050\000\051}{subsection.5.27.1}% 82
\BOOKMARK [1][-]{section.5.28}{\376\377\0005\000.\0002\0008\000\040\000P\000l\000a\000y\000e\000r\000V\000i\000e\000w\000M\000o\000d\000e\000l\000.\000k\000t\000\040\000F\000i\000l\000e\000\040\000R\000e\000f\000e\000r\000e\000n\000c\000e}{chapter.5}% 83
\BOOKMARK [2][-]{subsection.5.28.1}{\376\377\0005\000.\0002\0008\000.\0001\000\040\000F\000u\000n\000c\000t\000i\000o\000n\000\040\000D\000o\000c\000u\000m\000e\000n\000t\000a\000t\000i\000o\000n}{section.5.28}% 84
\BOOKMARK [3][-]{subsubsection.5.28.1.1}{\376\377\0005\000.\0002\0008\000.\0001\000.\0001\000\040\000c\000o\000n\000s\000t\000r\000u\000c\000t\000o\000r\000\050\000\051}{subsection.5.28.1}% 85
\BOOKMARK [1][-]{section.5.29}{\376\377\0005\000.\0002\0009\000\040\000W\000a\000v\000e\000F\000o\000r\000m\000E\000x\000t\000r\000a\000c\000t\000o\000r\000.\000k\000t\000\040\000F\000i\000l\000e\000\040\000R\000e\000f\000e\000r\000e\000n\000c\000e}{chapter.5}% 86
\BOOKMARK [2][-]{subsection.5.29.1}{\376\377\0005\000.\0002\0009\000.\0001\000\040\000F\000u\000n\000c\000t\000i\000o\000n\000\040\000D\000o\000c\000u\000m\000e\000n\000t\000a\000t\000i\000o\000n}{section.5.29}% 87
\BOOKMARK [3][-]{subsubsection.5.29.1.1}{\376\377\0005\000.\0002\0009\000.\0001\000.\0001\000\040\000e\000x\000t\000r\000a\000c\000t\000W\000a\000v\000e\000f\000o\000r\000m\000D\000a\000t\000a\000F\000r\000o\000m\000U\000r\000i\000\050\000\051}{subsection.5.29.1}% 88
\BOOKMARK [1][-]{section.5.30}{\376\377\0005\000.\0003\0000\000\040\000E\000x\000a\000m\000p\000l\000e\000U\000n\000i\000t\000T\000e\000s\000t\000.\000k\000t\000\040\000F\000i\000l\000e\000\040\000R\000e\000f\000e\000r\000e\000n\000c\000e}{chapter.5}% 89
\BOOKMARK [0][-]{section*.22}{\376\377\000I\000n\000d\000e\000x}{}% 90
